0 info it worked if it ends with ok
1 verbose cli [ '/usr/local/Cellar/node/5.9.1/bin/node',
1 verbose cli   '/usr/local/bin/npm',
1 verbose cli   'i',
1 verbose cli   '-D',
1 verbose cli   'dotenv',
1 verbose cli   '82273',
1 verbose cli   'touch',
1 verbose cli   '.env' ]
2 info using npm@3.7.3
3 info using node@v5.9.1
4 silly loadCurrentTree Starting
5 silly install loadCurrentTree
6 silly install readLocalPackageData
7 silly fetchPackageMetaData dotenv
8 silly fetchPackageMetaData 82273
9 silly fetchPackageMetaData touch
10 silly fetchPackageMetaData .env
11 silly fetchNamedPackageData dotenv
12 silly mapToRegistry name dotenv
13 silly mapToRegistry using default registry
14 silly mapToRegistry registry https://registry.npmjs.org/
15 silly mapToRegistry uri https://registry.npmjs.org/dotenv
16 silly fetchNamedPackageData 82273
17 silly mapToRegistry name 82273
18 silly mapToRegistry using default registry
19 silly mapToRegistry registry https://registry.npmjs.org/
20 silly mapToRegistry uri https://registry.npmjs.org/82273
21 silly fetchNamedPackageData touch
22 silly mapToRegistry name touch
23 silly mapToRegistry using default registry
24 silly mapToRegistry registry https://registry.npmjs.org/
25 silly mapToRegistry uri https://registry.npmjs.org/touch
26 silly fetchOtherPackageData .env
27 silly cache add args [ '.env', null ]
28 verbose cache add spec .env
29 verbose request uri https://registry.npmjs.org/dotenv
30 verbose request no auth needed
31 info attempt registry request try #1 at 12:45:59 PM
32 verbose request id 202ed4f25a448458
33 http request GET https://registry.npmjs.org/dotenv
34 verbose request uri https://registry.npmjs.org/82273
35 verbose request no auth needed
36 info attempt registry request try #1 at 12:45:59 PM
37 http request GET https://registry.npmjs.org/82273
38 silly cache add parsed spec Result {
38 silly cache add   raw: '.env',
38 silly cache add   scope: null,
38 silly cache add   name: null,
38 silly cache add   rawSpec: '.env',
38 silly cache add   spec: '/Users/Sushi24/fullstack_academy/my-projects/travel-app/.env',
38 silly cache add   type: 'local' }
39 error addLocal Could not install /Users/Sushi24/fullstack_academy/my-projects/travel-app/.env
40 silly fetchPackageMetaData Error: ENOENT: no such file or directory, open '/Users/Sushi24/fullstack_academy/my-projects/travel-app/.env'
40 silly fetchPackageMetaData     at Error (native)
40 silly fetchPackageMetaData  error for .env { [Error: ENOENT: no such file or directory, open '/Users/Sushi24/fullstack_academy/my-projects/travel-app/.env']
40 silly fetchPackageMetaData   errno: -2,
40 silly fetchPackageMetaData   code: 'ENOENT',
40 silly fetchPackageMetaData   syscall: 'open',
40 silly fetchPackageMetaData   path: '/Users/Sushi24/fullstack_academy/my-projects/travel-app/.env' }
41 verbose request uri https://registry.npmjs.org/touch
42 verbose request no auth needed
43 info attempt registry request try #1 at 12:45:59 PM
44 verbose etag "C9947GNLQNICVX84J5AMLPD5K"
45 http request GET https://registry.npmjs.org/touch
46 http 200 https://registry.npmjs.org/touch
47 verbose headers { server: 'CouchDB/1.5.0 (Erlang OTP/R16B03)',
47 verbose headers   etag: '"CK9UAHOZEFPGUX2DBW4XAH2VP"',
47 verbose headers   'content-type': 'application/json',
47 verbose headers   'content-encoding': 'gzip',
47 verbose headers   'cache-control': 'max-age=300',
47 verbose headers   'content-length': '1623',
47 verbose headers   'accept-ranges': 'bytes',
47 verbose headers   date: 'Fri, 15 Jul 2016 16:45:27 GMT',
47 verbose headers   via: '1.1 varnish',
47 verbose headers   age: '61',
47 verbose headers   connection: 'keep-alive',
47 verbose headers   'x-served-by': 'cache-jfk1037-JFK',
47 verbose headers   'x-cache': 'HIT',
47 verbose headers   'x-cache-hits': '1',
47 verbose headers   'x-timer': 'S1468601127.692623,VS0,VE0',
47 verbose headers   vary: 'Accept-Encoding' }
48 silly get cb [ 200,
48 silly get   { server: 'CouchDB/1.5.0 (Erlang OTP/R16B03)',
48 silly get     etag: '"CK9UAHOZEFPGUX2DBW4XAH2VP"',
48 silly get     'content-type': 'application/json',
48 silly get     'content-encoding': 'gzip',
48 silly get     'cache-control': 'max-age=300',
48 silly get     'content-length': '1623',
48 silly get     'accept-ranges': 'bytes',
48 silly get     date: 'Fri, 15 Jul 2016 16:45:27 GMT',
48 silly get     via: '1.1 varnish',
48 silly get     age: '61',
48 silly get     connection: 'keep-alive',
48 silly get     'x-served-by': 'cache-jfk1037-JFK',
48 silly get     'x-cache': 'HIT',
48 silly get     'x-cache-hits': '1',
48 silly get     'x-timer': 'S1468601127.692623,VS0,VE0',
48 silly get     vary: 'Accept-Encoding' } ]
49 verbose get saving touch to /Users/Sushi24/.npm/registry.npmjs.org/touch/.cache.json
50 verbose correctMkdir /Users/Sushi24/.npm correctMkdir not in flight; initializing
51 http 200 https://registry.npmjs.org/dotenv
52 verbose headers { server: 'CouchDB/1.5.0 (Erlang OTP/R16B03)',
52 verbose headers   etag: '"CG3CUWHQDAJWI8OGWV959GZ7I"',
52 verbose headers   'content-type': 'application/json',
52 verbose headers   'content-encoding': 'gzip',
52 verbose headers   'cache-control': 'max-age=300',
52 verbose headers   'content-length': '7425',
52 verbose headers   'accept-ranges': 'bytes',
52 verbose headers   date: 'Fri, 15 Jul 2016 16:45:27 GMT',
52 verbose headers   via: '1.1 varnish',
52 verbose headers   age: '0',
52 verbose headers   connection: 'keep-alive',
52 verbose headers   'x-served-by': 'cache-jfk1044-JFK',
52 verbose headers   'x-cache': 'HIT',
52 verbose headers   'x-cache-hits': '1',
52 verbose headers   'x-timer': 'S1468601127.698274,VS0,VE76',
52 verbose headers   vary: 'Accept-Encoding' }
53 silly get cb [ 200,
53 silly get   { server: 'CouchDB/1.5.0 (Erlang OTP/R16B03)',
53 silly get     etag: '"CG3CUWHQDAJWI8OGWV959GZ7I"',
53 silly get     'content-type': 'application/json',
53 silly get     'content-encoding': 'gzip',
53 silly get     'cache-control': 'max-age=300',
53 silly get     'content-length': '7425',
53 silly get     'accept-ranges': 'bytes',
53 silly get     date: 'Fri, 15 Jul 2016 16:45:27 GMT',
53 silly get     via: '1.1 varnish',
53 silly get     age: '0',
53 silly get     connection: 'keep-alive',
53 silly get     'x-served-by': 'cache-jfk1044-JFK',
53 silly get     'x-cache': 'HIT',
53 silly get     'x-cache-hits': '1',
53 silly get     'x-timer': 'S1468601127.698274,VS0,VE76',
53 silly get     vary: 'Accept-Encoding' } ]
54 verbose get saving dotenv to /Users/Sushi24/.npm/registry.npmjs.org/dotenv/.cache.json
55 verbose correctMkdir /Users/Sushi24/.npm correctMkdir not in flight; initializing
56 http 404 https://registry.npmjs.org/82273
57 verbose headers { 'content-type': 'application/json',
57 verbose headers   'cache-control': 'max-age=0',
57 verbose headers   'content-length': '2',
57 verbose headers   'accept-ranges': 'bytes',
57 verbose headers   date: 'Fri, 15 Jul 2016 16:45:27 GMT',
57 verbose headers   via: '1.1 varnish',
57 verbose headers   age: '0',
57 verbose headers   connection: 'keep-alive',
57 verbose headers   'x-served-by': 'cache-jfk1047-JFK',
57 verbose headers   'x-cache': 'MISS',
57 verbose headers   'x-cache-hits': '0',
57 verbose headers   'x-timer': 'S1468601127.692013,VS0,VE110',
57 verbose headers   vary: 'Accept-Encoding' }
58 silly get cb [ 404,
58 silly get   { 'content-type': 'application/json',
58 silly get     'cache-control': 'max-age=0',
58 silly get     'content-length': '2',
58 silly get     'accept-ranges': 'bytes',
58 silly get     date: 'Fri, 15 Jul 2016 16:45:27 GMT',
58 silly get     via: '1.1 varnish',
58 silly get     age: '0',
58 silly get     connection: 'keep-alive',
58 silly get     'x-served-by': 'cache-jfk1047-JFK',
58 silly get     'x-cache': 'MISS',
58 silly get     'x-cache-hits': '0',
58 silly get     'x-timer': 'S1468601127.692013,VS0,VE110',
58 silly get     vary: 'Accept-Encoding' } ]
59 silly fetchPackageMetaData Error: Registry returned 404 for GET on https://registry.npmjs.org/82273
59 silly fetchPackageMetaData     at makeError (/usr/local/lib/node_modules/npm/node_modules/npm-registry-client/lib/request.js:264:12)
59 silly fetchPackageMetaData     at CachingRegistryClient.<anonymous> (/usr/local/lib/node_modules/npm/node_modules/npm-registry-client/lib/request.js:242:14)
59 silly fetchPackageMetaData     at Request._callback (/usr/local/lib/node_modules/npm/node_modules/npm-registry-client/lib/request.js:172:14)
59 silly fetchPackageMetaData     at Request.self.callback (/usr/local/lib/node_modules/npm/node_modules/request/request.js:199:22)
59 silly fetchPackageMetaData     at emitTwo (events.js:100:13)
59 silly fetchPackageMetaData     at Request.emit (events.js:185:7)
59 silly fetchPackageMetaData     at Request.<anonymous> (/usr/local/lib/node_modules/npm/node_modules/request/request.js:1036:10)
59 silly fetchPackageMetaData     at emitOne (events.js:95:20)
59 silly fetchPackageMetaData     at Request.emit (events.js:182:7)
59 silly fetchPackageMetaData     at IncomingMessage.<anonymous> (/usr/local/lib/node_modules/npm/node_modules/request/request.js:963:12)
59 silly fetchPackageMetaData  error for 82273 { [Error: Registry returned 404 for GET on https://registry.npmjs.org/82273] pkgid: '82273', statusCode: 404, code: 'E404' }
60 silly rollbackFailedOptional Starting
61 silly rollbackFailedOptional Finishing
62 silly runTopLevelLifecycles Starting
63 silly runTopLevelLifecycles Finishing
64 silly install printInstalled
65 verbose stack Error: ENOENT: no such file or directory, open '/Users/Sushi24/fullstack_academy/my-projects/travel-app/.env'
65 verbose stack     at Error (native)
66 verbose cwd /Users/Sushi24/fullstack_academy/my-projects/travel-app
67 error Darwin 15.4.0
68 error argv "/usr/local/Cellar/node/5.9.1/bin/node" "/usr/local/bin/npm" "i" "-D" "dotenv" "82273" "touch" ".env"
69 error node v5.9.1
70 error npm  v3.7.3
71 error path /Users/Sushi24/fullstack_academy/my-projects/travel-app/.env
72 error code ENOENT
73 error errno -2
74 error syscall open
75 error enoent ENOENT: no such file or directory, open '/Users/Sushi24/fullstack_academy/my-projects/travel-app/.env'
76 error enoent ENOENT: no such file or directory, open '/Users/Sushi24/fullstack_academy/my-projects/travel-app/.env'
76 error enoent This is most likely not a problem with npm itself
76 error enoent and is related to npm not being able to find a file.
77 verbose exit [ -2, true ]
